<?xml version="1.0" encoding="UTF-8"?>
<!-- Generated by org.testng.reporters.JUnitXMLReporter -->
<testsuite ignored="0" hostname="Selva" failures="0" tests="3" name="Default test" time="14.23" errors="0" timestamp="2024-03-09T13:21:38 IST">
  <testcase classname="utilities.Excelutilites" name="register_user" time="3.48"/>
  <testcase classname="utilities.Excelutilites" name="register_user" time="2.675"/>
  <testcase classname="utilities.Excelutilites" name="register_user" time="3.432"/>
</testsuite> <!-- Default test -->
