<?xml version="1.0" encoding="UTF-8"?>
<!-- Generated by org.testng.reporters.JUnitXMLReporter -->
<testsuite ignored="0" hostname="Selva" failures="0" tests="3" name="Default test" time="11.696" errors="0" timestamp="2024-03-09T09:25:33 IST">
  <testcase classname="utilities.Excelutilites" name="register_user" time="3.73"/>
  <testcase classname="utilities.Excelutilites" name="register_user" time="2.9"/>
  <testcase classname="utilities.Excelutilites" name="register_user" time="1.92"/>
</testsuite> <!-- Default test -->
