<?xml version="1.0" encoding="UTF-8"?>
<testng-results ignored="0" total="6" passed="6" failed="0" skipped="0">
  <reporter-output>
  </reporter-output>
  <suite started-at="2024-03-09T12:03:20 IST" name="TestNGRunner1" finished-at="2024-03-09T12:03:44 IST" duration-ms="23732">
    <groups>
    </groups>
    <test started-at="2024-03-09T12:03:20 IST" name="TestCycle-1" finished-at="2024-03-09T12:03:31 IST" duration-ms="10463">
      <class name="test.LoginPageTest">
        <test-method signature="start_browser()[pri:49, instance:test.LoginPageTest@f5ac9e4]" started-at="2024-03-09T12:03:20 IST" name="start_browser" finished-at="2024-03-09T12:03:25 IST" duration-ms="4327" status="PASS">
          <reporter-output>
          </reporter-output>
        </test-method> <!-- start_browser -->
        <test-method signature="user_login()[pri:50, instance:test.LoginPageTest@f5ac9e4]" started-at="2024-03-09T12:03:25 IST" name="user_login" finished-at="2024-03-09T12:03:30 IST" duration-ms="4917" status="PASS">
          <reporter-output>
          </reporter-output>
        </test-method> <!-- user_login -->
        <test-method is-config="true" signature="closebroser()[pri:0, instance:test.LoginPageTest@f5ac9e4]" started-at="2024-03-09T12:03:30 IST" name="closebroser" finished-at="2024-03-09T12:03:31 IST" duration-ms="1171" status="PASS">
          <reporter-output>
          </reporter-output>
        </test-method> <!-- closebroser -->
      </class> <!-- test.LoginPageTest -->
    </test> <!-- TestCycle-1 -->
    <test started-at="2024-03-09T12:03:31 IST" name="TestCycle-2" finished-at="2024-03-09T12:03:36 IST" duration-ms="5036">
      <class name="utilities.MyListerner">
        <test-method is-config="true" signature="OpenBrowser()[pri:0, instance:utilities.MyListerner@1bd4fdd]" started-at="2024-03-09T12:03:31 IST" name="OpenBrowser" finished-at="2024-03-09T12:03:32 IST" duration-ms="1130" status="PASS">
          <reporter-output>
          </reporter-output>
        </test-method> <!-- OpenBrowser -->
        <test-method signature="Testmethod()[pri:49, instance:utilities.MyListerner@1bd4fdd]" started-at="2024-03-09T12:03:32 IST" name="Testmethod" finished-at="2024-03-09T12:03:33 IST" duration-ms="1261" status="PASS">
          <reporter-output>
          </reporter-output>
        </test-method> <!-- Testmethod -->
        <test-method is-config="true" signature="Closebrowser()[pri:0, instance:utilities.MyListerner@1bd4fdd]" started-at="2024-03-09T12:03:33 IST" name="Closebrowser" finished-at="2024-03-09T12:03:36 IST" duration-ms="2641" status="PASS">
          <reporter-output>
          </reporter-output>
        </test-method> <!-- Closebrowser -->
      </class> <!-- utilities.MyListerner -->
    </test> <!-- TestCycle-2 -->
    <test started-at="2024-03-09T12:03:36 IST" name="TestCycle-3" finished-at="2024-03-09T12:03:44 IST" duration-ms="8206">
      <class name="utilities.Excelutilites">
        <test-method is-config="true" signature="OpenBrowser()[pri:0, instance:utilities.Excelutilites@4c583ecf]" started-at="2024-03-09T12:03:36 IST" name="OpenBrowser" finished-at="2024-03-09T12:03:39 IST" duration-ms="2609" status="PASS">
          <reporter-output>
          </reporter-output>
        </test-method> <!-- OpenBrowser -->
        <test-method signature="register_user(java.lang.String,java.lang.String)[pri:0, instance:utilities.Excelutilites@4c583ecf]" started-at="2024-03-09T12:03:39 IST" name="register_user" data-provider="testdata" finished-at="2024-03-09T12:03:40 IST" duration-ms="1777" status="PASS">
          <params>
            <param index="0">
              <value>
                <![CDATA[mercury]]>
              </value>
            </param>
            <param index="1">
              <value>
                <![CDATA[murcury1234]]>
              </value>
            </param>
          </params>
          <reporter-output>
          </reporter-output>
        </test-method> <!-- register_user -->
        <test-method signature="register_user(java.lang.String,java.lang.String)[pri:0, instance:utilities.Excelutilites@4c583ecf]" started-at="2024-03-09T12:03:40 IST" name="register_user" data-provider="testdata" finished-at="2024-03-09T12:03:42 IST" duration-ms="1820" status="PASS">
          <params>
            <param index="0">
              <value>
                <![CDATA[Itest@test.com]]>
              </value>
            </param>
            <param index="1">
              <value>
                <![CDATA[Itest@test]]>
              </value>
            </param>
          </params>
          <reporter-output>
          </reporter-output>
        </test-method> <!-- register_user -->
        <test-method signature="register_user(java.lang.String,java.lang.String)[pri:0, instance:utilities.Excelutilites@4c583ecf]" started-at="2024-03-09T12:03:42 IST" name="register_user" data-provider="testdata" finished-at="2024-03-09T12:03:44 IST" duration-ms="1765" status="PASS">
          <params>
            <param index="0">
              <value>
                <![CDATA[admin]]>
              </value>
            </param>
            <param index="1">
              <value>
                <![CDATA[admin]]>
              </value>
            </param>
          </params>
          <reporter-output>
          </reporter-output>
        </test-method> <!-- register_user -->
        <test-method is-config="true" signature="CloseBrowser()[pri:0, instance:utilities.Excelutilites@4c583ecf]" started-at="2024-03-09T12:03:44 IST" name="CloseBrowser" finished-at="2024-03-09T12:03:44 IST" duration-ms="115" status="PASS">
          <reporter-output>
          </reporter-output>
        </test-method> <!-- CloseBrowser -->
      </class> <!-- utilities.Excelutilites -->
    </test> <!-- TestCycle-3 -->
  </suite> <!-- TestNGRunner1 -->
</testng-results>
