<?xml version="1.0" encoding="UTF-8"?>
<testng-results ignored="0" total="2" passed="2" failed="0" skipped="0">
  <reporter-output>
  </reporter-output>
  <suite started-at="2024-03-09T11:55:59 IST" name="Surefire suite" finished-at="2024-03-09T11:56:11 IST" duration-ms="11686">
    <groups>
    </groups>
    <test started-at="2024-03-09T11:55:59 IST" name="Surefire test" finished-at="2024-03-09T11:56:11 IST" duration-ms="11686">
      <class name="test.LoginPageTest">
        <test-method signature="start_browser()[pri:49, instance:test.LoginPageTest@71b1176b]" started-at="2024-03-09T11:55:59 IST" name="start_browser" finished-at="2024-03-09T11:56:05 IST" duration-ms="5112" status="PASS">
          <reporter-output>
          </reporter-output>
        </test-method> <!-- start_browser -->
        <test-method signature="user_login()[pri:50, instance:test.LoginPageTest@71b1176b]" started-at="2024-03-09T11:56:05 IST" name="user_login" finished-at="2024-03-09T11:56:10 IST" duration-ms="5348" status="PASS">
          <reporter-output>
          </reporter-output>
        </test-method> <!-- user_login -->
        <test-method is-config="true" signature="closebroser()[pri:0, instance:test.LoginPageTest@71b1176b]" started-at="2024-03-09T11:56:10 IST" name="closebroser" finished-at="2024-03-09T11:56:11 IST" duration-ms="1182" status="PASS">
          <reporter-output>
          </reporter-output>
        </test-method> <!-- closebroser -->
      </class> <!-- test.LoginPageTest -->
    </test> <!-- Surefire test -->
  </suite> <!-- Surefire suite -->
</testng-results>
