<?xml version="1.0" encoding="UTF-8"?>
<testng-results ignored="0" total="3" passed="3" failed="0" skipped="0">
  <reporter-output>
  </reporter-output>
  <suite started-at="2024-03-09T09:25:21 IST" name="Default suite" finished-at="2024-03-09T09:25:33 IST" duration-ms="11696">
    <groups>
    </groups>
    <test started-at="2024-03-09T09:25:21 IST" name="Default test" finished-at="2024-03-09T09:25:33 IST" duration-ms="11696">
      <class name="utilities.Excelutilites">
        <test-method is-config="true" signature="OpenBrowser()[pri:0, instance:utilities.Excelutilites@305b7c14]" started-at="2024-03-09T09:25:21 IST" name="OpenBrowser" finished-at="2024-03-09T09:25:24 IST" duration-ms="2669" status="PASS">
          <reporter-output>
          </reporter-output>
        </test-method> <!-- OpenBrowser -->
        <test-method signature="register_user(java.lang.String,java.lang.String)[pri:0, instance:utilities.Excelutilites@305b7c14]" started-at="2024-03-09T09:25:24 IST" name="register_user" data-provider="testdata" finished-at="2024-03-09T09:25:28 IST" duration-ms="3730" status="PASS">
          <params>
            <param index="0">
              <value>
                <![CDATA[mercury]]>
              </value>
            </param>
            <param index="1">
              <value>
                <![CDATA[murcury1234]]>
              </value>
            </param>
          </params>
          <reporter-output>
          </reporter-output>
        </test-method> <!-- register_user -->
        <test-method signature="register_user(java.lang.String,java.lang.String)[pri:0, instance:utilities.Excelutilites@305b7c14]" started-at="2024-03-09T09:25:28 IST" name="register_user" data-provider="testdata" finished-at="2024-03-09T09:25:31 IST" duration-ms="2900" status="PASS">
          <params>
            <param index="0">
              <value>
                <![CDATA[Itest@test.com]]>
              </value>
            </param>
            <param index="1">
              <value>
                <![CDATA[Itest@test]]>
              </value>
            </param>
          </params>
          <reporter-output>
          </reporter-output>
        </test-method> <!-- register_user -->
        <test-method signature="register_user(java.lang.String,java.lang.String)[pri:0, instance:utilities.Excelutilites@305b7c14]" started-at="2024-03-09T09:25:31 IST" name="register_user" data-provider="testdata" finished-at="2024-03-09T09:25:33 IST" duration-ms="1920" status="PASS">
          <params>
            <param index="0">
              <value>
                <![CDATA[admin]]>
              </value>
            </param>
            <param index="1">
              <value>
                <![CDATA[admin]]>
              </value>
            </param>
          </params>
          <reporter-output>
          </reporter-output>
        </test-method> <!-- register_user -->
        <test-method is-config="true" signature="CloseBrowser()[pri:0, instance:utilities.Excelutilites@305b7c14]" started-at="2024-03-09T09:25:33 IST" name="CloseBrowser" finished-at="2024-03-09T09:25:33 IST" duration-ms="128" status="PASS">
          <reporter-output>
          </reporter-output>
        </test-method> <!-- CloseBrowser -->
      </class> <!-- utilities.Excelutilites -->
    </test> <!-- Default test -->
  </suite> <!-- Default suite -->
</testng-results>
