<?xml version="1.0" encoding="UTF-8"?>
<testng-results ignored="0" total="3" passed="3" failed="0" skipped="0">
  <reporter-output>
  </reporter-output>
  <suite started-at="2024-03-09T10:21:52 IST" name="TestNGRunner1" finished-at="2024-03-09T10:22:09 IST" duration-ms="17102">
    <groups>
    </groups>
    <test started-at="2024-03-09T10:21:52 IST" name="TestCycle-1" finished-at="2024-03-09T10:22:09 IST" duration-ms="17102">
      <class name="utilities.MyListerner">
        <test-method is-config="true" signature="OpenBrowser()[pri:0, instance:utilities.MyListerner@13b6aecc]" started-at="2024-03-09T10:21:52 IST" name="OpenBrowser" finished-at="2024-03-09T10:21:54 IST" duration-ms="2261" status="PASS">
          <reporter-output>
          </reporter-output>
        </test-method> <!-- OpenBrowser -->
        <test-method signature="Testmethod()[pri:49, instance:utilities.MyListerner@13b6aecc]" started-at="2024-03-09T10:22:05 IST" name="Testmethod" finished-at="2024-03-09T10:22:06 IST" duration-ms="900" status="PASS">
          <reporter-output>
          </reporter-output>
        </test-method> <!-- Testmethod -->
        <test-method is-config="true" signature="Closebrowser()[pri:0, instance:utilities.MyListerner@13b6aecc]" started-at="2024-03-09T10:22:06 IST" name="Closebrowser" finished-at="2024-03-09T10:22:09 IST" duration-ms="2684" status="PASS">
          <reporter-output>
          </reporter-output>
        </test-method> <!-- Closebrowser -->
      </class> <!-- utilities.MyListerner -->
      <class name="test.LoginPageTest">
        <test-method signature="start_browser()[pri:49, instance:test.LoginPageTest@45c7e403]" started-at="2024-03-09T10:21:54 IST" name="start_browser" finished-at="2024-03-09T10:21:58 IST" duration-ms="4171" status="PASS">
          <reporter-output>
          </reporter-output>
        </test-method> <!-- start_browser -->
        <test-method signature="user_login()[pri:50, instance:test.LoginPageTest@45c7e403]" started-at="2024-03-09T10:21:58 IST" name="user_login" finished-at="2024-03-09T10:22:04 IST" duration-ms="5835" status="PASS">
          <reporter-output>
          </reporter-output>
        </test-method> <!-- user_login -->
        <test-method is-config="true" signature="closebroser()[pri:0, instance:test.LoginPageTest@45c7e403]" started-at="2024-03-09T10:22:04 IST" name="closebroser" finished-at="2024-03-09T10:22:05 IST" duration-ms="1156" status="PASS">
          <reporter-output>
          </reporter-output>
        </test-method> <!-- closebroser -->
      </class> <!-- test.LoginPageTest -->
    </test> <!-- TestCycle-1 -->
  </suite> <!-- TestNGRunner1 -->
</testng-results>
