<?xml version="1.0" encoding="UTF-8"?>
<!-- Generated by org.testng.reporters.JUnitXMLReporter -->
<testsuite ignored="0" hostname="Selva" failures="0" tests="1" name="TestCycle-2" time="7.656" errors="0" timestamp="2024-03-09T11:45:52 IST">
  <testcase classname="utilities.MyListerner" name="@BeforeTest openBrowser" time="7.55">
    <failure type="java.lang.AssertionError" message="expected [true] but found [false]">
      <![CDATA[java.lang.AssertionError: expected [true] but found [false]
at utilities.MyListerner.openBrowser(MyListerner.java:38)
... Removed 28 stack frames]]>
    </failure>
  </testcase> <!-- @BeforeTest openBrowser -->
  <testcase classname="utilities.MyListerner" name="@AfterTest Closebrowser" time="0.0">
    <skipped/>
  </testcase> <!-- @AfterTest Closebrowser -->
  <testcase classname="utilities.MyListerner" name="openBrowser" time="0.0">
    <skipped/>
  </testcase> <!-- openBrowser -->
</testsuite> <!-- TestCycle-2 -->
