<?xml version="1.0" encoding="UTF-8"?>
<!-- Generated by org.testng.reporters.JUnitXMLReporter -->
<testsuite ignored="0" hostname="Selva" failures="0" tests="3" name="TestCycle-3" time="11.981" errors="0" timestamp="2024-03-09T11:59:05 IST">
  <testcase classname="utilities.Excelutilites" name="register_user" time="3.416"/>
  <testcase classname="utilities.Excelutilites" name="register_user" time="2.989"/>
  <testcase classname="utilities.Excelutilites" name="register_user" time="1.801"/>
</testsuite> <!-- TestCycle-3 -->
