<?xml version="1.0" encoding="UTF-8"?>
<!-- Generated by org.testng.reporters.JUnitXMLReporter -->
<testsuite ignored="0" hostname="Selva" failures="1" tests="1" name="TestCycle-2" time="7.921" errors="0" timestamp="2024-03-09T13:22:16 IST">
  <testcase classname="utilities.MyListerner" name="Testmethod" time="2.925">
    <failure type="java.lang.AssertionError" message="expected [true] but found [false]">
      <![CDATA[java.lang.AssertionError: expected [true] but found [false]
at utilities.MyListerner.Testmethod(MyListerner.java:46)
at java.base/java.util.ArrayList.forEach(ArrayList.java:1511)
... Removed 35 stack frames]]>
    </failure>
  </testcase> <!-- Testmethod -->
</testsuite> <!-- TestCycle-2 -->
