<?xml version="1.0" encoding="UTF-8"?>
<!-- Generated by org.testng.reporters.JUnitXMLReporter -->
<testsuite ignored="0" hostname="Selva" failures="0" tests="3" name="TestCycle-3" time="7.916" errors="0" timestamp="2024-03-09T10:29:46 IST">
  <testcase classname="utilities.Excelutilites" name="register_user" time="1.802"/>
  <testcase classname="utilities.Excelutilites" name="register_user" time="1.802"/>
  <testcase classname="utilities.Excelutilites" name="register_user" time="1.763"/>
</testsuite> <!-- TestCycle-3 -->
