<?xml version="1.0" encoding="UTF-8"?>
<!-- Generated by org.testng.reporters.JUnitXMLReporter -->
<testsuite ignored="0" hostname="Selva" failures="0" tests="3" name="TestCycle-3" time="10.966" errors="0" timestamp="2024-03-09T11:04:44 IST">
  <testcase classname="utilities.Excelutilites" name="register_user" time="3.596"/>
  <testcase classname="utilities.Excelutilites" name="register_user" time="2.902"/>
  <testcase classname="utilities.Excelutilites" name="register_user" time="1.828"/>
</testsuite> <!-- TestCycle-3 -->
