<?xml version="1.0" encoding="UTF-8"?>
<!-- Generated by org.testng.reporters.JUnitXMLReporter -->
<testsuite ignored="0" hostname="Selva" failures="0" tests="3" name="TestCycle-1" time="17.102" errors="0" timestamp="2024-03-09T10:22:09 IST">
  <testcase classname="test.LoginPageTest" name="start_browser" time="4.171"/>
  <testcase classname="test.LoginPageTest" name="user_login" time="5.835"/>
  <testcase classname="utilities.MyListerner" name="Testmethod" time="0.9"/>
</testsuite> <!-- TestCycle-1 -->
